15:18:14.865 [main                     ] DEBUG Logger               - Configured Logger
15:18:14.885 [main                     ] DEBUG GameApplication      - Logging settings
Title: Bomber Man
Version: 0.1
Width: 1280
Height: 720
Fullscreen: false
Intro: false
Profiling: false
Single step:false
App Mode: DEVELOPER
Menu Key: ESCAPE
Stage Style: DECORATED
Scene Factory: class BomberMan.gameMain$1

15:18:15.152 [JavaFX Application Thread] DEBUG FXGLApplication      - Initializing FXGL
15:18:15.157 [JavaFX Application Thread] INFO  Engine               - FXGL-17.1 (24.03.2022 17.34) on WINDOWS (J:18.0.2.1 FX:18.0.1)
15:18:15.157 [JavaFX Application Thread] DEBUG Engine               - JRE Vendor Name: Oracle Corporation
15:18:15.157 [JavaFX Application Thread] DEBUG Engine               - Running on OS: Windows 11 version 10.0
15:18:15.158 [JavaFX Application Thread] DEBUG Engine               - Architecture: amd64
15:18:15.158 [JavaFX Application Thread] INFO  Engine               - Source code and latest versions at: https://github.com/AlmasB/FXGL
15:18:15.158 [JavaFX Application Thread] INFO  Engine               -       Ask questions and discuss at: https://github.com/AlmasB/FXGL/discussions
15:18:15.158 [JavaFX Application Thread] INFO  Engine               -              Join the FXGL chat at: https://gitter.im/AlmasB/FXGL
15:18:15.242 [JavaFX Application Thread] DEBUG PrimaryStageWindow   - Creating a JavaFX scene
15:18:15.275 [JavaFX Application Thread] DEBUG PrimaryStageWindow   - Target settings size: 1280.0 x 720.0
15:18:15.275 [JavaFX Application Thread] DEBUG PrimaryStageWindow   - Scaled scene size:    1280.0 x 720.0
15:18:15.275 [JavaFX Application Thread] DEBUG PrimaryStageWindow   - Scaled ratio: (1.0, 1.0)
15:18:15.276 [JavaFX Application Thread] DEBUG PrimaryStageWindow   - Set initial scene to FXGLStartupScene
15:18:15.281 [JavaFX Application Thread] DEBUG PrimaryStageWindow   - Opening main window
15:18:15.344 [JavaFX Application Thread] DEBUG PrimaryStageWindow   - Window border size: (14.4000244140625, 37.5999755859375)
15:18:15.345 [JavaFX Application Thread] DEBUG PrimaryStageWindow   - Scaled size: 1280.0 x 720.0
15:18:15.345 [JavaFX Application Thread] DEBUG PrimaryStageWindow   - Scaled ratio: (1.0, 1.0)
15:18:15.346 [JavaFX Application Thread] DEBUG PrimaryStageWindow   - Scene size: 1280.0 x 720.0
15:18:15.346 [JavaFX Application Thread] DEBUG PrimaryStageWindow   - Stage size: 1294.4000244140625 x 757.5999755859375
15:18:15.357 [FXGL Background Thread 1 ] DEBUG Engine               - Initializing environment variables
15:18:15.435 [FXGL Background Thread 1 ] DEBUG FXGLAssetLoaderServi - User app class for loading assets: class BomberMan.gameMain
15:18:15.435 [FXGL Background Thread 1 ] DEBUG GameApplicationServi - Applying CSS: fxgl_dark.css
15:18:15.436 [FXGL Background Thread 1 ] DEBUG FXGLAssetLoaderServi - Loading from file system: jar:file:/C:/Users/ADMIN/.m2/repository/com/github/almasb/fxgl/17.1/fxgl-17.1.jar!/fxglassets/ui/css/fxgl_dark.css
15:18:15.483 [FXGL Background Thread 1 ] DEBUG GameApplicationServi - Initializing application scenes
15:18:15.531 [FXGL Background Thread 1 ] DEBUG GameWorld            - Game world initialized
15:18:15.590 [FXGL Background Thread 1 ] DEBUG PhysicsWorld         - Physics world initialized: appHeight=720, physics.ppm=50.0
15:18:15.590 [FXGL Background Thread 1 ] DEBUG PhysicsWorld         - Using strategy: BRUTE_FORCE
15:18:15.595 [FXGL Background Thread 1 ] DEBUG GameScene            - Game scene initialized: 1280x720
15:18:15.651 [FXGL Background Thread 1 ] DEBUG GameApplicationServi - Application scenes initialized
15:18:15.662 [FXGL Background Thread 1 ] DEBUG SystemBundleService  - Loading FXGL system data
15:18:15.666 [FXGL Background Thread 1 ] DEBUG FileSystemAccess     - Reading from: D:\BomberMan_team7\system\fxgl.bundle
15:18:15.674 [FXGL Background Thread 1 ] DEBUG SystemBundleService  - Bundle FXGL: {}
15:18:15.674 [FXGL Background Thread 1 ] DEBUG UpdaterService       - Checking for updates
15:18:15.678 [FXGL Background Thread 4 ] DEBUG FXGLApplication      - Loading fonts
15:18:15.678 [FXGL Background Thread 1 ] DEBUG FXGLApplication      - Loading default localization
15:18:15.678 [FXGL Background Thread 4 ] DEBUG FXGLAssetLoaderServi - Loading from file system: jar:file:/C:/Users/ADMIN/.m2/repository/com/github/almasb/fxgl/17.1/fxgl-17.1.jar!/fxglassets/ui/fonts/VarelaRound-Regular.ttf
15:18:15.679 [FXGL Background Thread 1 ] DEBUG FXGLAssetLoaderServi - Loading from file system: jar:file:/C:/Users/ADMIN/.m2/repository/com/github/almasb/fxgl/17.1/fxgl-17.1.jar!/fxglassets/languages/english.lang
15:18:15.705 [FXGL Background Thread 1 ] INFO  FXGLApplication      - FXGL initialization took: 0.347 sec
15:18:15.706 [JavaFX Application Thread] DEBUG FXGLAssetLoaderServi - Loading from file system: jar:file:/C:/Users/ADMIN/.m2/repository/com/github/almasb/fxgl/17.1/fxgl-17.1.jar!/fxglassets/textures/fxgl_icon.png
15:18:15.738 [JavaFX Application Thread] DEBUG FXGLAssetLoaderServi - Loading from file system: jar:file:/C:/Users/ADMIN/.m2/repository/com/github/almasb/fxgl/17.1/fxgl-17.1.jar!/fxglassets/textures/fxgl_default_cursor.png
15:18:15.756 [JavaFX Application Thread] DEBUG Input                - Registered new binding: Screenshot - CTRL+8
15:18:15.757 [JavaFX Application Thread] DEBUG Input                - Registered new binding: System info dump - CTRL+9
15:18:15.758 [JavaFX Application Thread] DEBUG Input                - Registered new binding: Restart - CTRL+R
15:18:15.759 [JavaFX Application Thread] DEBUG Input                - Registered new binding: Toggle Debug Camera - CTRL+7
15:18:15.762 [JavaFX Application Thread] DEBUG LoopRunner           - Starting loop
15:18:15.762 [JavaFX Application Thread] DEBUG LoopRunner           - Initializing JavaFX AnimationTimerLoop
15:18:15.764 [JavaFX Application Thread] DEBUG GameApplicationServi - Starting new game
15:18:15.765 [JavaFX Application Thread] DEBUG Input                - Clearing active input actions
15:18:15.778 [JavaFX Application Thread] DEBUG GameApplicationServi - Removing overlay from FXGLStartupScene and adding to FXGLLoadingScene
15:18:15.778 [JavaFX Application Thread] DEBUG PrimaryStageWindow   - FXGLStartupScene -> FXGLLoadingScene
15:18:15.778 [JavaFX Application Thread] DEBUG GameApplicationServi - Clearing previous game
15:18:15.779 [JavaFX Application Thread] DEBUG GameScene            - Clearing game scene
15:18:15.779 [JavaFX Application Thread] DEBUG GameWorld            - Clearing game world
15:18:15.779 [JavaFX Application Thread] DEBUG PhysicsWorld         - Clearing physics world
15:18:15.781 [FXGL Background Thread 1 ] DEBUG FXGLApplication      - Initializing game
15:18:15.782 [FXGL Background Thread 1 ] INFO  FXGLApplication      - Game initialization took: 0.001 sec
15:18:15.784 [FXGL Background Thread 4 ] DEBUG FXGLAssetLoaderServi - Loading from file system: jar:file:/C:/Users/ADMIN/.m2/repository/com/github/almasb/fxgl/17.1/fxgl-17.1.jar!/fxglassets/ui/fonts/Abel-Regular.ttf
15:18:15.793 [FXGL Background Thread 4 ] DEBUG FXGLAssetLoaderServi - Loading from file system: jar:file:/C:/Users/ADMIN/.m2/repository/com/github/almasb/fxgl/17.1/fxgl-17.1.jar!/fxglassets/ui/fonts/TerminalLandMono-Regular.otf
15:18:15.801 [FXGL Background Thread 4 ] DEBUG FXGLAssetLoaderServi - Loading from file system: jar:file:/C:/Users/ADMIN/.m2/repository/com/github/almasb/fxgl/17.1/fxgl-17.1.jar!/fxglassets/ui/fonts/Courier-Prime.ttf
15:18:15.820 [JavaFX Application Thread] DEBUG Input                - Clearing active input actions
15:18:15.825 [JavaFX Application Thread] DEBUG GameApplicationServi - Removing overlay from FXGLLoadingScene and adding to GameScene
15:18:15.826 [JavaFX Application Thread] DEBUG PrimaryStageWindow   - FXGLLoadingScene -> GameScene
15:18:15.826 [JavaFX Application Thread] DEBUG FXGLApplication      - Registering font factories with UI factory
15:18:16.254 [FXGL Background Thread 2 ] INFO  UpdaterService       - Your current version:  17.1
15:18:16.254 [FXGL Background Thread 2 ] INFO  UpdaterService       - Latest stable version: 17.2
15:18:18.677 [FXGL Background Thread 3 ] DEBUG Engine               - Logging environment variables
15:18:18.677 [FXGL Background Thread 3 ] DEBUG Engine               - achievements: []
15:18:18.677 [FXGL Background Thread 3 ] DEBUG Engine               - actualHeight: 720.0
15:18:18.677 [FXGL Background Thread 3 ] DEBUG Engine               - actualHeightProperty: ReadOnlyDoubleProperty [value: 720.0]
15:18:18.678 [FXGL Background Thread 3 ] DEBUG Engine               - actualWidth: 1280.0
15:18:18.678 [FXGL Background Thread 3 ] DEBUG Engine               - actualWidthProperty: ReadOnlyDoubleProperty [value: 1280.0]
15:18:18.678 [FXGL Background Thread 3 ] DEBUG Engine               - appIcon: fxgl_icon.png
15:18:18.678 [FXGL Background Thread 3 ] DEBUG Engine               - applicationMode: DEVELOPER
15:18:18.678 [FXGL Background Thread 3 ] DEBUG Engine               - cSSList: [fxgl_dark.css]
15:18:18.678 [FXGL Background Thread 3 ] DEBUG Engine               - collisionDetectionStrategy: BRUTE_FORCE
15:18:18.678 [FXGL Background Thread 3 ] DEBUG Engine               - configClass: Optional.empty
15:18:18.678 [FXGL Background Thread 3 ] DEBUG Engine               - credits: []
15:18:18.679 [FXGL Background Thread 3 ] DEBUG Engine               - defaultCursor: CursorInfo(imageName=fxgl_default_cursor.png, hotspotX=7.0, hotspotY=6.0)
15:18:18.679 [FXGL Background Thread 3 ] DEBUG Engine               - devBBoxColorProperty: ObjectProperty [value: 0xff0000ff]
15:18:18.679 [FXGL Background Thread 3 ] DEBUG Engine               - devEnableDebugCameraProperty: BooleanProperty [value: false]
15:18:18.679 [FXGL Background Thread 3 ] DEBUG Engine               - devSensorColorProperty: ObjectProperty [value: 0xffff00ff]
15:18:18.679 [FXGL Background Thread 3 ] DEBUG Engine               - devShowBBoxProperty: BooleanProperty [value: false]
15:18:18.679 [FXGL Background Thread 3 ] DEBUG Engine               - devShowPositionProperty: BooleanProperty [value: false]
15:18:18.679 [FXGL Background Thread 3 ] DEBUG Engine               - enabledMenuItems: []
15:18:18.680 [FXGL Background Thread 3 ] DEBUG Engine               - engineServices: [class com.almasb.fxgl.app.services.FXGLAssetLoaderService, class com.almasb.fxgl.app.FXGLApplication$GameApplicationService, class com.almasb.fxgl.app.services.FXGLDialogService, class com.almasb.fxgl.app.services.IOTaskExecutorService, class com.almasb.fxgl.io.FileSystemService, class com.almasb.fxgl.localization.LocalizationService, class com.almasb.fxgl.app.services.SystemBundleService, class com.almasb.fxgl.profile.SaveLoadService, class com.almasb.fxgl.ui.FXGLUIFactoryServiceProvider, class com.almasb.fxgl.ui.FXGLDialogFactoryServiceProvider, class com.almasb.fxgl.audio.AudioPlayer, class com.almasb.fxgl.notification.impl.NotificationServiceProvider, class com.almasb.fxgl.achievement.AchievementService, class com.almasb.fxgl.cutscene.CutsceneService, class com.almasb.fxgl.minigames.MiniGameService, class com.almasb.fxgl.net.NetService, class com.almasb.fxgl.app.services.UpdaterService, class com.almasb.fxgl.dev.DevService]
15:18:18.680 [FXGL Background Thread 3 ] DEBUG Engine               - fontGame: Abel-Regular.ttf
15:18:18.680 [FXGL Background Thread 3 ] DEBUG Engine               - fontMono: TerminalLandMono-Regular.otf
15:18:18.680 [FXGL Background Thread 3 ] DEBUG Engine               - fontText: Courier-Prime.ttf
15:18:18.680 [FXGL Background Thread 3 ] DEBUG Engine               - fontUI: VarelaRound-Regular.ttf
15:18:18.680 [FXGL Background Thread 3 ] DEBUG Engine               - fullScreen: BooleanProperty [value: true]
15:18:18.680 [FXGL Background Thread 3 ] DEBUG Engine               - gameDifficulty: MEDIUM
15:18:18.680 [FXGL Background Thread 3 ] DEBUG Engine               - gameDifficultyProperty: ObjectProperty [value: MEDIUM]
15:18:18.680 [FXGL Background Thread 3 ] DEBUG Engine               - globalMusicVolume: 0.5
15:18:18.680 [FXGL Background Thread 3 ] DEBUG Engine               - globalMusicVolumeProperty: DoubleProperty [value: 0.5]
15:18:18.680 [FXGL Background Thread 3 ] DEBUG Engine               - globalSoundVolume: 0.5
15:18:18.680 [FXGL Background Thread 3 ] DEBUG Engine               - globalSoundVolumeProperty: DoubleProperty [value: 0.5]
15:18:18.680 [FXGL Background Thread 3 ] DEBUG Engine               - height: 720
15:18:18.680 [FXGL Background Thread 3 ] DEBUG Engine               - is3D: false
15:18:18.680 [FXGL Background Thread 3 ] DEBUG Engine               - isAndroid: false
15:18:18.680 [FXGL Background Thread 3 ] DEBUG Engine               - isBrowser: false
15:18:18.680 [FXGL Background Thread 3 ] DEBUG Engine               - isClickFeedbackEnabled: false
15:18:18.680 [FXGL Background Thread 3 ] DEBUG Engine               - isCloseConfirmation: false
15:18:18.680 [FXGL Background Thread 3 ] DEBUG Engine               - isDesktop: true
15:18:18.680 [FXGL Background Thread 3 ] DEBUG Engine               - isDeveloperMenuEnabled: false
15:18:18.681 [FXGL Background Thread 3 ] DEBUG Engine               - isEmbedded: false
15:18:18.681 [FXGL Background Thread 3 ] DEBUG Engine               - isEntityPreloadEnabled: true
15:18:18.681 [FXGL Background Thread 3 ] DEBUG Engine               - isExperimentalTiledLargeMap: false
15:18:18.681 [FXGL Background Thread 3 ] DEBUG Engine               - isFileSystemWriteAllowed: true
15:18:18.681 [FXGL Background Thread 3 ] DEBUG Engine               - isFullScreenAllowed: false
15:18:18.681 [FXGL Background Thread 3 ] DEBUG Engine               - isFullScreenFromStart: true
15:18:18.681 [FXGL Background Thread 3 ] DEBUG Engine               - isGameMenuEnabled: true
15:18:18.681 [FXGL Background Thread 3 ] DEBUG Engine               - isIOS: false
15:18:18.681 [FXGL Background Thread 3 ] DEBUG Engine               - isIntroEnabled: false
15:18:18.681 [FXGL Background Thread 3 ] DEBUG Engine               - isLinux: false
15:18:18.681 [FXGL Background Thread 3 ] DEBUG Engine               - isMac: false
15:18:18.681 [FXGL Background Thread 3 ] DEBUG Engine               - isMainMenuEnabled: false
15:18:18.681 [FXGL Background Thread 3 ] DEBUG Engine               - isManualResizeEnabled: false
15:18:18.681 [FXGL Background Thread 3 ] DEBUG Engine               - isMobile: false
15:18:18.681 [FXGL Background Thread 3 ] DEBUG Engine               - isNative: false
15:18:18.681 [FXGL Background Thread 3 ] DEBUG Engine               - isPauseMusicWhenMinimized: true
15:18:18.681 [FXGL Background Thread 3 ] DEBUG Engine               - isPreserveResizeRatio: false
15:18:18.681 [FXGL Background Thread 3 ] DEBUG Engine               - isProfilingEnabled: false
15:18:18.681 [FXGL Background Thread 3 ] DEBUG Engine               - isScaleAffectedOnResize: true
15:18:18.681 [FXGL Background Thread 3 ] DEBUG Engine               - isSingleStep: false
15:18:18.681 [FXGL Background Thread 3 ] DEBUG Engine               - isUserProfileEnabled: false
15:18:18.681 [FXGL Background Thread 3 ] DEBUG Engine               - isWindows: true
15:18:18.681 [FXGL Background Thread 3 ] DEBUG Engine               - language: ObjectProperty [value: ENGLISH]
15:18:18.681 [FXGL Background Thread 3 ] DEBUG Engine               - menuKey: ESCAPE
15:18:18.681 [FXGL Background Thread 3 ] DEBUG Engine               - mouseSensitivity: 0.2
15:18:18.681 [FXGL Background Thread 3 ] DEBUG Engine               - notificationViewClass: class com.almasb.fxgl.notification.view.XboxNotificationView
15:18:18.681 [FXGL Background Thread 3 ] DEBUG Engine               - pixelsPerMeter: 50.0
15:18:18.681 [FXGL Background Thread 3 ] DEBUG Engine               - platform: WINDOWS
15:18:18.682 [FXGL Background Thread 3 ] DEBUG Engine               - prefHeightProperty: ReadOnlyDoubleProperty [value: 720.0]
15:18:18.682 [FXGL Background Thread 3 ] DEBUG Engine               - prefWidthProperty: ReadOnlyDoubleProperty [value: 1280.0]
15:18:18.682 [FXGL Background Thread 3 ] DEBUG Engine               - profileDir: profiles/
15:18:18.682 [FXGL Background Thread 3 ] DEBUG Engine               - profileName: StringProperty [value: DEFAULT]
15:18:18.682 [FXGL Background Thread 3 ] DEBUG Engine               - randomSeed: -1
15:18:18.682 [FXGL Background Thread 3 ] DEBUG Engine               - runtimeInfo: RuntimeInfo(platform=WINDOWS, version=17.1, build=24.03.2022 17.34)
15:18:18.682 [FXGL Background Thread 3 ] DEBUG Engine               - saveFileExt: sav
15:18:18.682 [FXGL Background Thread 3 ] DEBUG Engine               - scaledHeightProp$fxgl: DoubleProperty [bound, value: 720.0]
15:18:18.682 [FXGL Background Thread 3 ] DEBUG Engine               - scaledWidthProp$fxgl: DoubleProperty [bound, value: 1280.0]
15:18:18.682 [FXGL Background Thread 3 ] DEBUG Engine               - sceneFactory: BomberMan.gameMain$1@52d66c01
15:18:18.682 [FXGL Background Thread 3 ] DEBUG Engine               - secondsIn24h: 60
15:18:18.682 [FXGL Background Thread 3 ] DEBUG Engine               - soundMenuBack: menu/back.wav
15:18:18.682 [FXGL Background Thread 3 ] DEBUG Engine               - soundMenuPress: menu/press.wav
15:18:18.682 [FXGL Background Thread 3 ] DEBUG Engine               - soundMenuSelect: menu/select.wav
15:18:18.682 [FXGL Background Thread 3 ] DEBUG Engine               - soundNotification: core/notification.wav
15:18:18.682 [FXGL Background Thread 3 ] DEBUG Engine               - stageStyle: DECORATED
15:18:18.682 [FXGL Background Thread 3 ] DEBUG Engine               - supportedLanguages: [ENGLISH, FRENCH, GERMAN, HUNGARIAN, RUSSIAN]
15:18:18.682 [FXGL Background Thread 3 ] DEBUG Engine               - ticksPerSecond: -1
15:18:18.682 [FXGL Background Thread 3 ] DEBUG Engine               - title: Bomber Man
15:18:18.682 [FXGL Background Thread 3 ] DEBUG Engine               - urlGithub: https://github.com/AlmasB/FXGL
15:18:18.682 [FXGL Background Thread 3 ] DEBUG Engine               - urlLeaderboard: http://fxgl-top.herokuapp.com/
15:18:18.682 [FXGL Background Thread 3 ] DEBUG Engine               - urlPOM: https://raw.githubusercontent.com/AlmasB/FXGL/release/README.md
15:18:18.683 [FXGL Background Thread 3 ] DEBUG Engine               - userAppClass: class BomberMan.gameMain
15:18:18.683 [FXGL Background Thread 3 ] DEBUG Engine               - version: 0.1
15:18:18.683 [FXGL Background Thread 3 ] DEBUG Engine               - versionCheckDays: 7
15:18:18.683 [FXGL Background Thread 3 ] DEBUG Engine               - width: 1280
15:18:18.683 [FXGL Background Thread 3 ] DEBUG Engine               - Logging services
15:18:18.683 [FXGL Background Thread 3 ] DEBUG Engine               - class com.almasb.fxgl.app.services.FXGLAssetLoaderService
15:18:18.683 [FXGL Background Thread 3 ] DEBUG Engine               - class com.almasb.fxgl.app.FXGLApplication$GameApplicationService
15:18:18.683 [FXGL Background Thread 3 ] DEBUG Engine               - class com.almasb.fxgl.app.services.FXGLDialogService
15:18:18.683 [FXGL Background Thread 3 ] DEBUG Engine               - class com.almasb.fxgl.app.services.IOTaskExecutorService
15:18:18.683 [FXGL Background Thread 3 ] DEBUG Engine               - class com.almasb.fxgl.io.FileSystemService
15:18:18.683 [FXGL Background Thread 3 ] DEBUG Engine               - class com.almasb.fxgl.localization.LocalizationService
15:18:18.683 [FXGL Background Thread 3 ] DEBUG Engine               - class com.almasb.fxgl.app.services.SystemBundleService
15:18:18.683 [FXGL Background Thread 3 ] DEBUG Engine               - class com.almasb.fxgl.profile.SaveLoadService
15:18:18.683 [FXGL Background Thread 3 ] DEBUG Engine               - class com.almasb.fxgl.ui.FXGLUIFactoryServiceProvider
15:18:18.683 [FXGL Background Thread 3 ] DEBUG Engine               - class com.almasb.fxgl.ui.FXGLDialogFactoryServiceProvider
15:18:18.683 [FXGL Background Thread 3 ] DEBUG Engine               - class com.almasb.fxgl.audio.AudioPlayer
15:18:18.683 [FXGL Background Thread 3 ] DEBUG Engine               - class com.almasb.fxgl.notification.impl.NotificationServiceProvider
15:18:18.683 [FXGL Background Thread 3 ] DEBUG Engine               - class com.almasb.fxgl.achievement.AchievementService
15:18:18.683 [FXGL Background Thread 3 ] DEBUG Engine               - class com.almasb.fxgl.cutscene.CutsceneService
15:18:18.683 [FXGL Background Thread 3 ] DEBUG Engine               - class com.almasb.fxgl.minigames.MiniGameService
15:18:18.683 [FXGL Background Thread 3 ] DEBUG Engine               - class com.almasb.fxgl.net.NetService
15:18:18.683 [FXGL Background Thread 3 ] DEBUG Engine               - class com.almasb.fxgl.app.services.UpdaterService
15:18:18.683 [FXGL Background Thread 3 ] DEBUG Engine               - class com.almasb.fxgl.dev.DevService
15:18:21.847 [JavaFX Application Thread] DEBUG PrimaryStageWindow   - Push state: gameMenu
15:18:21.847 [JavaFX Application Thread] DEBUG Input                - Clearing active input actions
15:18:21.847 [JavaFX Application Thread] DEBUG GameApplicationServi - Removing overlay from GameScene and adding to gameMenu
15:18:21.848 [JavaFX Application Thread] DEBUG PrimaryStageWindow   - GameScene -> gameMenu
15:18:22.444 [JavaFX Application Thread] DEBUG PrimaryStageWindow   - Pop state: gameMenu
15:18:22.444 [JavaFX Application Thread] DEBUG Input                - Clearing active input actions
15:18:22.445 [JavaFX Application Thread] DEBUG GameApplicationServi - Removing overlay from gameMenu and adding to GameScene
15:18:22.445 [JavaFX Application Thread] DEBUG PrimaryStageWindow   - GameScene <- gameMenu
15:18:22.646 [JavaFX Application Thread] DEBUG PrimaryStageWindow   - Push state: gameMenu
15:18:22.646 [JavaFX Application Thread] DEBUG Input                - Clearing active input actions
15:18:22.646 [JavaFX Application Thread] DEBUG GameApplicationServi - Removing overlay from GameScene and adding to gameMenu
15:18:22.647 [JavaFX Application Thread] DEBUG PrimaryStageWindow   - GameScene -> gameMenu
15:18:22.829 [JavaFX Application Thread] DEBUG PrimaryStageWindow   - Pop state: gameMenu
15:18:22.829 [JavaFX Application Thread] DEBUG Input                - Clearing active input actions
15:18:22.829 [JavaFX Application Thread] DEBUG GameApplicationServi - Removing overlay from gameMenu and adding to GameScene
15:18:22.829 [JavaFX Application Thread] DEBUG PrimaryStageWindow   - GameScene <- gameMenu
15:18:23.020 [JavaFX Application Thread] DEBUG PrimaryStageWindow   - Push state: gameMenu
15:18:23.020 [JavaFX Application Thread] DEBUG Input                - Clearing active input actions
15:18:23.020 [JavaFX Application Thread] DEBUG GameApplicationServi - Removing overlay from GameScene and adding to gameMenu
15:18:23.020 [JavaFX Application Thread] DEBUG PrimaryStageWindow   - GameScene -> gameMenu
15:18:31.870 [JavaFX Application Thread] DEBUG PrimaryStageWindow   - Pop state: gameMenu
15:18:31.870 [JavaFX Application Thread] DEBUG Input                - Clearing active input actions
15:18:31.870 [JavaFX Application Thread] DEBUG GameApplicationServi - Removing overlay from gameMenu and adding to GameScene
15:18:31.870 [JavaFX Application Thread] DEBUG PrimaryStageWindow   - GameScene <- gameMenu
15:21:05.702 [JavaFX Application Thread] DEBUG PrimaryStageWindow   - Push state: gameMenu
15:21:05.702 [JavaFX Application Thread] DEBUG Input                - Clearing active input actions
15:21:05.702 [JavaFX Application Thread] DEBUG GameApplicationServi - Removing overlay from GameScene and adding to gameMenu
15:21:05.702 [JavaFX Application Thread] DEBUG PrimaryStageWindow   - GameScene -> gameMenu
15:21:05.874 [JavaFX Application Thread] DEBUG PrimaryStageWindow   - Pop state: gameMenu
15:21:05.874 [JavaFX Application Thread] DEBUG Input                - Clearing active input actions
15:21:05.874 [JavaFX Application Thread] DEBUG GameApplicationServi - Removing overlay from gameMenu and adding to GameScene
15:21:05.874 [JavaFX Application Thread] DEBUG PrimaryStageWindow   - GameScene <- gameMenu
15:21:06.085 [JavaFX Application Thread] DEBUG PrimaryStageWindow   - Push state: gameMenu
15:21:06.085 [JavaFX Application Thread] DEBUG Input                - Clearing active input actions
15:21:06.085 [JavaFX Application Thread] DEBUG GameApplicationServi - Removing overlay from GameScene and adding to gameMenu
15:21:06.086 [JavaFX Application Thread] DEBUG PrimaryStageWindow   - GameScene -> gameMenu
15:21:06.713 [JavaFX Application Thread] DEBUG FXGLApplication      - Exiting FXGL
15:21:06.713 [JavaFX Application Thread] DEBUG LoopRunner           - Stopping loop
15:21:06.713 [JavaFX Application Thread] DEBUG SystemBundleService  - Saving FXGL system data
15:21:06.714 [JavaFX Application Thread] DEBUG FileSystemAccess     - Writing to: D:\BomberMan_team7\system\fxgl.bundle
15:21:06.716 [JavaFX Application Thread] DEBUG Async                - Shutting down background threads
15:21:06.716 [JavaFX Application Thread] DEBUG PrimaryStageWindow   - Closing main window
15:21:06.726 [JavaFX Application Thread] DEBUG Logger               - Closing Logger
