15:16:56.740 [main                     ] DEBUG Logger               - Configured Logger
15:16:56.760 [main                     ] DEBUG GameApplication      - Logging settings
Title: Bomber Man
Version: 0.1
Width: 1280
Height: 720
Fullscreen: false
Intro: false
Profiling: false
Single step:false
App Mode: DEVELOPER
Menu Key: ESCAPE
Stage Style: DECORATED
Scene Factory: class BomberMan.gameMain$1

15:16:57.133 [JavaFX Application Thread] DEBUG FXGLApplication      - Initializing FXGL
15:16:57.137 [JavaFX Application Thread] INFO  Engine               - FXGL-17.1 (24.03.2022 17.34) on WINDOWS (J:18.0.2.1 FX:18.0.1)
15:16:57.138 [JavaFX Application Thread] DEBUG Engine               - JRE Vendor Name: Oracle Corporation
15:16:57.138 [JavaFX Application Thread] DEBUG Engine               - Running on OS: Windows 11 version 10.0
15:16:57.138 [JavaFX Application Thread] DEBUG Engine               - Architecture: amd64
15:16:57.138 [JavaFX Application Thread] INFO  Engine               - Source code and latest versions at: https://github.com/AlmasB/FXGL
15:16:57.138 [JavaFX Application Thread] INFO  Engine               -       Ask questions and discuss at: https://github.com/AlmasB/FXGL/discussions
15:16:57.138 [JavaFX Application Thread] INFO  Engine               -              Join the FXGL chat at: https://gitter.im/AlmasB/FXGL
15:16:57.239 [JavaFX Application Thread] DEBUG PrimaryStageWindow   - Creating a JavaFX scene
15:16:57.283 [JavaFX Application Thread] DEBUG PrimaryStageWindow   - Target settings size: 1280.0 x 720.0
15:16:57.283 [JavaFX Application Thread] DEBUG PrimaryStageWindow   - Scaled scene size:    1280.0 x 720.0
15:16:57.283 [JavaFX Application Thread] DEBUG PrimaryStageWindow   - Scaled ratio: (1.0, 1.0)
15:16:57.285 [JavaFX Application Thread] DEBUG PrimaryStageWindow   - Set initial scene to FXGLStartupScene
15:16:57.291 [JavaFX Application Thread] DEBUG PrimaryStageWindow   - Opening main window
15:16:57.380 [JavaFX Application Thread] DEBUG PrimaryStageWindow   - Window border size: (14.4000244140625, 37.5999755859375)
15:16:57.381 [JavaFX Application Thread] DEBUG PrimaryStageWindow   - Scaled size: 1280.0 x 720.0
15:16:57.381 [JavaFX Application Thread] DEBUG PrimaryStageWindow   - Scaled ratio: (1.0, 1.0)
15:16:57.381 [JavaFX Application Thread] DEBUG PrimaryStageWindow   - Scene size: 1280.0 x 720.0
15:16:57.382 [JavaFX Application Thread] DEBUG PrimaryStageWindow   - Stage size: 1294.4000244140625 x 757.5999755859375
15:16:57.395 [FXGL Background Thread 1 ] DEBUG Engine               - Initializing environment variables
15:16:57.479 [FXGL Background Thread 1 ] DEBUG FXGLAssetLoaderServi - User app class for loading assets: class BomberMan.gameMain
15:16:57.480 [FXGL Background Thread 1 ] DEBUG GameApplicationServi - Applying CSS: fxgl_dark.css
15:16:57.480 [FXGL Background Thread 1 ] DEBUG FXGLAssetLoaderServi - Loading from file system: jar:file:/C:/Users/ADMIN/.m2/repository/com/github/almasb/fxgl/17.1/fxgl-17.1.jar!/fxglassets/ui/css/fxgl_dark.css
15:16:57.538 [FXGL Background Thread 1 ] DEBUG GameApplicationServi - Initializing application scenes
15:16:57.605 [FXGL Background Thread 1 ] DEBUG GameWorld            - Game world initialized
15:16:57.659 [FXGL Background Thread 1 ] DEBUG PhysicsWorld         - Physics world initialized: appHeight=720, physics.ppm=50.0
15:16:57.659 [FXGL Background Thread 1 ] DEBUG PhysicsWorld         - Using strategy: BRUTE_FORCE
15:16:57.663 [FXGL Background Thread 1 ] DEBUG GameScene            - Game scene initialized: 1280x720
15:16:57.733 [FXGL Background Thread 1 ] DEBUG GameApplicationServi - Application scenes initialized
15:16:57.751 [FXGL Background Thread 1 ] DEBUG SystemBundleService  - Loading FXGL system data
15:16:57.758 [FXGL Background Thread 1 ] DEBUG FileSystemAccess     - Reading from: D:\BomberMan_team7\system\fxgl.bundle
15:16:57.772 [FXGL Background Thread 1 ] DEBUG SystemBundleService  - Bundle FXGL: {}
15:16:57.772 [FXGL Background Thread 1 ] DEBUG UpdaterService       - Checking for updates
15:16:57.775 [FXGL Background Thread 4 ] DEBUG FXGLApplication      - Loading fonts
15:16:57.775 [FXGL Background Thread 4 ] DEBUG FXGLAssetLoaderServi - Loading from file system: jar:file:/C:/Users/ADMIN/.m2/repository/com/github/almasb/fxgl/17.1/fxgl-17.1.jar!/fxglassets/ui/fonts/VarelaRound-Regular.ttf
15:16:57.776 [FXGL Background Thread 1 ] DEBUG FXGLApplication      - Loading default localization
15:16:57.776 [FXGL Background Thread 1 ] DEBUG FXGLAssetLoaderServi - Loading from file system: jar:file:/C:/Users/ADMIN/.m2/repository/com/github/almasb/fxgl/17.1/fxgl-17.1.jar!/fxglassets/languages/english.lang
15:16:57.792 [FXGL Background Thread 1 ] INFO  FXGLApplication      - FXGL initialization took: 0.396 sec
15:16:57.794 [JavaFX Application Thread] DEBUG FXGLAssetLoaderServi - Loading from file system: jar:file:/C:/Users/ADMIN/.m2/repository/com/github/almasb/fxgl/17.1/fxgl-17.1.jar!/fxglassets/textures/fxgl_icon.png
15:16:57.809 [JavaFX Application Thread] DEBUG FXGLAssetLoaderServi - Loading from file system: jar:file:/C:/Users/ADMIN/.m2/repository/com/github/almasb/fxgl/17.1/fxgl-17.1.jar!/fxglassets/textures/fxgl_default_cursor.png
15:16:57.827 [JavaFX Application Thread] DEBUG Input                - Registered new binding: Screenshot - CTRL+8
15:16:57.827 [JavaFX Application Thread] DEBUG Input                - Registered new binding: System info dump - CTRL+9
15:16:57.827 [JavaFX Application Thread] DEBUG Input                - Registered new binding: Restart - CTRL+R
15:16:57.828 [JavaFX Application Thread] DEBUG Input                - Registered new binding: Toggle Debug Camera - CTRL+7
15:16:57.831 [JavaFX Application Thread] DEBUG LoopRunner           - Starting loop
15:16:57.831 [JavaFX Application Thread] DEBUG LoopRunner           - Initializing JavaFX AnimationTimerLoop
15:16:57.833 [JavaFX Application Thread] DEBUG GameApplicationServi - Starting new game
15:16:57.834 [JavaFX Application Thread] DEBUG Input                - Clearing active input actions
15:16:57.844 [JavaFX Application Thread] DEBUG GameApplicationServi - Removing overlay from FXGLStartupScene and adding to FXGLLoadingScene
15:16:57.845 [JavaFX Application Thread] DEBUG PrimaryStageWindow   - FXGLStartupScene -> FXGLLoadingScene
15:16:57.845 [JavaFX Application Thread] DEBUG GameApplicationServi - Clearing previous game
15:16:57.845 [JavaFX Application Thread] DEBUG GameScene            - Clearing game scene
15:16:57.845 [JavaFX Application Thread] DEBUG GameWorld            - Clearing game world
15:16:57.845 [JavaFX Application Thread] DEBUG PhysicsWorld         - Clearing physics world
15:16:57.846 [FXGL Background Thread 1 ] DEBUG FXGLApplication      - Initializing game
15:16:57.847 [FXGL Background Thread 1 ] INFO  FXGLApplication      - Game initialization took: 0.001 sec
15:16:57.850 [FXGL Background Thread 4 ] DEBUG FXGLAssetLoaderServi - Loading from file system: jar:file:/C:/Users/ADMIN/.m2/repository/com/github/almasb/fxgl/17.1/fxgl-17.1.jar!/fxglassets/ui/fonts/Abel-Regular.ttf
15:16:57.858 [FXGL Background Thread 4 ] DEBUG FXGLAssetLoaderServi - Loading from file system: jar:file:/C:/Users/ADMIN/.m2/repository/com/github/almasb/fxgl/17.1/fxgl-17.1.jar!/fxglassets/ui/fonts/TerminalLandMono-Regular.otf
15:16:57.865 [FXGL Background Thread 4 ] DEBUG FXGLAssetLoaderServi - Loading from file system: jar:file:/C:/Users/ADMIN/.m2/repository/com/github/almasb/fxgl/17.1/fxgl-17.1.jar!/fxglassets/ui/fonts/Courier-Prime.ttf
15:16:57.877 [JavaFX Application Thread] DEBUG Input                - Clearing active input actions
15:16:57.882 [JavaFX Application Thread] DEBUG GameApplicationServi - Removing overlay from FXGLLoadingScene and adding to GameScene
15:16:57.882 [JavaFX Application Thread] DEBUG PrimaryStageWindow   - FXGLLoadingScene -> GameScene
15:16:57.883 [JavaFX Application Thread] DEBUG FXGLApplication      - Registering font factories with UI factory
15:16:58.543 [FXGL Background Thread 2 ] INFO  UpdaterService       - Your current version:  17.1
15:16:58.544 [FXGL Background Thread 2 ] INFO  UpdaterService       - Latest stable version: 17.2
15:17:00.739 [JavaFX Application Thread] DEBUG PrimaryStageWindow   - Push state: gameMenu
15:17:00.739 [JavaFX Application Thread] DEBUG Input                - Clearing active input actions
15:17:00.740 [JavaFX Application Thread] DEBUG GameApplicationServi - Removing overlay from GameScene and adding to gameMenu
15:17:00.740 [JavaFX Application Thread] DEBUG PrimaryStageWindow   - GameScene -> gameMenu
15:17:00.775 [FXGL Background Thread 3 ] DEBUG Engine               - Logging environment variables
15:17:00.775 [FXGL Background Thread 3 ] DEBUG Engine               - achievements: []
15:17:00.775 [FXGL Background Thread 3 ] DEBUG Engine               - actualHeight: 720.0
15:17:00.775 [FXGL Background Thread 3 ] DEBUG Engine               - actualHeightProperty: ReadOnlyDoubleProperty [value: 720.0]
15:17:00.775 [FXGL Background Thread 3 ] DEBUG Engine               - actualWidth: 1280.0
15:17:00.775 [FXGL Background Thread 3 ] DEBUG Engine               - actualWidthProperty: ReadOnlyDoubleProperty [value: 1280.0]
15:17:00.775 [FXGL Background Thread 3 ] DEBUG Engine               - appIcon: fxgl_icon.png
15:17:00.775 [FXGL Background Thread 3 ] DEBUG Engine               - applicationMode: DEVELOPER
15:17:00.775 [FXGL Background Thread 3 ] DEBUG Engine               - cSSList: [fxgl_dark.css]
15:17:00.775 [FXGL Background Thread 3 ] DEBUG Engine               - collisionDetectionStrategy: BRUTE_FORCE
15:17:00.775 [FXGL Background Thread 3 ] DEBUG Engine               - configClass: Optional.empty
15:17:00.776 [FXGL Background Thread 3 ] DEBUG Engine               - credits: []
15:17:00.777 [FXGL Background Thread 3 ] DEBUG Engine               - defaultCursor: CursorInfo(imageName=fxgl_default_cursor.png, hotspotX=7.0, hotspotY=6.0)
15:17:00.777 [FXGL Background Thread 3 ] DEBUG Engine               - devBBoxColorProperty: ObjectProperty [value: 0xff0000ff]
15:17:00.777 [FXGL Background Thread 3 ] DEBUG Engine               - devEnableDebugCameraProperty: BooleanProperty [value: false]
15:17:00.777 [FXGL Background Thread 3 ] DEBUG Engine               - devSensorColorProperty: ObjectProperty [value: 0xffff00ff]
15:17:00.777 [FXGL Background Thread 3 ] DEBUG Engine               - devShowBBoxProperty: BooleanProperty [value: false]
15:17:00.777 [FXGL Background Thread 3 ] DEBUG Engine               - devShowPositionProperty: BooleanProperty [value: false]
15:17:00.777 [FXGL Background Thread 3 ] DEBUG Engine               - enabledMenuItems: []
15:17:00.777 [FXGL Background Thread 3 ] DEBUG Engine               - engineServices: [class com.almasb.fxgl.app.services.FXGLAssetLoaderService, class com.almasb.fxgl.app.FXGLApplication$GameApplicationService, class com.almasb.fxgl.app.services.FXGLDialogService, class com.almasb.fxgl.app.services.IOTaskExecutorService, class com.almasb.fxgl.io.FileSystemService, class com.almasb.fxgl.localization.LocalizationService, class com.almasb.fxgl.app.services.SystemBundleService, class com.almasb.fxgl.profile.SaveLoadService, class com.almasb.fxgl.ui.FXGLUIFactoryServiceProvider, class com.almasb.fxgl.ui.FXGLDialogFactoryServiceProvider, class com.almasb.fxgl.audio.AudioPlayer, class com.almasb.fxgl.notification.impl.NotificationServiceProvider, class com.almasb.fxgl.achievement.AchievementService, class com.almasb.fxgl.cutscene.CutsceneService, class com.almasb.fxgl.minigames.MiniGameService, class com.almasb.fxgl.net.NetService, class com.almasb.fxgl.app.services.UpdaterService, class com.almasb.fxgl.dev.DevService]
15:17:00.777 [FXGL Background Thread 3 ] DEBUG Engine               - fontGame: Abel-Regular.ttf
15:17:00.777 [FXGL Background Thread 3 ] DEBUG Engine               - fontMono: TerminalLandMono-Regular.otf
15:17:00.777 [FXGL Background Thread 3 ] DEBUG Engine               - fontText: Courier-Prime.ttf
15:17:00.777 [FXGL Background Thread 3 ] DEBUG Engine               - fontUI: VarelaRound-Regular.ttf
15:17:00.778 [FXGL Background Thread 3 ] DEBUG Engine               - fullScreen: BooleanProperty [value: true]
15:17:00.778 [FXGL Background Thread 3 ] DEBUG Engine               - gameDifficulty: MEDIUM
15:17:00.778 [FXGL Background Thread 3 ] DEBUG Engine               - gameDifficultyProperty: ObjectProperty [value: MEDIUM]
15:17:00.778 [FXGL Background Thread 3 ] DEBUG Engine               - globalMusicVolume: 0.5
15:17:00.778 [FXGL Background Thread 3 ] DEBUG Engine               - globalMusicVolumeProperty: DoubleProperty [value: 0.5]
15:17:00.778 [FXGL Background Thread 3 ] DEBUG Engine               - globalSoundVolume: 0.5
15:17:00.778 [FXGL Background Thread 3 ] DEBUG Engine               - globalSoundVolumeProperty: DoubleProperty [value: 0.5]
15:17:00.778 [FXGL Background Thread 3 ] DEBUG Engine               - height: 720
15:17:00.778 [FXGL Background Thread 3 ] DEBUG Engine               - is3D: false
15:17:00.778 [FXGL Background Thread 3 ] DEBUG Engine               - isAndroid: false
15:17:00.778 [FXGL Background Thread 3 ] DEBUG Engine               - isBrowser: false
15:17:00.778 [FXGL Background Thread 3 ] DEBUG Engine               - isClickFeedbackEnabled: false
15:17:00.778 [FXGL Background Thread 3 ] DEBUG Engine               - isCloseConfirmation: false
15:17:00.778 [FXGL Background Thread 3 ] DEBUG Engine               - isDesktop: true
15:17:00.778 [FXGL Background Thread 3 ] DEBUG Engine               - isDeveloperMenuEnabled: false
15:17:00.778 [FXGL Background Thread 3 ] DEBUG Engine               - isEmbedded: false
15:17:00.778 [FXGL Background Thread 3 ] DEBUG Engine               - isEntityPreloadEnabled: true
15:17:00.778 [FXGL Background Thread 3 ] DEBUG Engine               - isExperimentalTiledLargeMap: false
15:17:00.778 [FXGL Background Thread 3 ] DEBUG Engine               - isFileSystemWriteAllowed: true
15:17:00.778 [FXGL Background Thread 3 ] DEBUG Engine               - isFullScreenAllowed: false
15:17:00.778 [FXGL Background Thread 3 ] DEBUG Engine               - isFullScreenFromStart: true
15:17:00.778 [FXGL Background Thread 3 ] DEBUG Engine               - isGameMenuEnabled: true
15:17:00.778 [FXGL Background Thread 3 ] DEBUG Engine               - isIOS: false
15:17:00.779 [FXGL Background Thread 3 ] DEBUG Engine               - isIntroEnabled: false
15:17:00.779 [FXGL Background Thread 3 ] DEBUG Engine               - isLinux: false
15:17:00.779 [FXGL Background Thread 3 ] DEBUG Engine               - isMac: false
15:17:00.779 [FXGL Background Thread 3 ] DEBUG Engine               - isMainMenuEnabled: false
15:17:00.779 [FXGL Background Thread 3 ] DEBUG Engine               - isManualResizeEnabled: false
15:17:00.779 [FXGL Background Thread 3 ] DEBUG Engine               - isMobile: false
15:17:00.779 [FXGL Background Thread 3 ] DEBUG Engine               - isNative: false
15:17:00.779 [FXGL Background Thread 3 ] DEBUG Engine               - isPauseMusicWhenMinimized: true
15:17:00.779 [FXGL Background Thread 3 ] DEBUG Engine               - isPreserveResizeRatio: false
15:17:00.779 [FXGL Background Thread 3 ] DEBUG Engine               - isProfilingEnabled: false
15:17:00.779 [FXGL Background Thread 3 ] DEBUG Engine               - isScaleAffectedOnResize: true
15:17:00.779 [FXGL Background Thread 3 ] DEBUG Engine               - isSingleStep: false
15:17:00.779 [FXGL Background Thread 3 ] DEBUG Engine               - isUserProfileEnabled: false
15:17:00.780 [FXGL Background Thread 3 ] DEBUG Engine               - isWindows: true
15:17:00.780 [FXGL Background Thread 3 ] DEBUG Engine               - language: ObjectProperty [value: ENGLISH]
15:17:00.780 [FXGL Background Thread 3 ] DEBUG Engine               - menuKey: ESCAPE
15:17:00.780 [FXGL Background Thread 3 ] DEBUG Engine               - mouseSensitivity: 0.2
15:17:00.780 [FXGL Background Thread 3 ] DEBUG Engine               - notificationViewClass: class com.almasb.fxgl.notification.view.XboxNotificationView
15:17:00.780 [FXGL Background Thread 3 ] DEBUG Engine               - pixelsPerMeter: 50.0
15:17:00.780 [FXGL Background Thread 3 ] DEBUG Engine               - platform: WINDOWS
15:17:00.780 [FXGL Background Thread 3 ] DEBUG Engine               - prefHeightProperty: ReadOnlyDoubleProperty [value: 720.0]
15:17:00.780 [FXGL Background Thread 3 ] DEBUG Engine               - prefWidthProperty: ReadOnlyDoubleProperty [value: 1280.0]
15:17:00.780 [FXGL Background Thread 3 ] DEBUG Engine               - profileDir: profiles/
15:17:00.780 [FXGL Background Thread 3 ] DEBUG Engine               - profileName: StringProperty [value: DEFAULT]
15:17:00.780 [FXGL Background Thread 3 ] DEBUG Engine               - randomSeed: -1
15:17:00.780 [FXGL Background Thread 3 ] DEBUG Engine               - runtimeInfo: RuntimeInfo(platform=WINDOWS, version=17.1, build=24.03.2022 17.34)
15:17:00.781 [FXGL Background Thread 3 ] DEBUG Engine               - saveFileExt: sav
15:17:00.781 [FXGL Background Thread 3 ] DEBUG Engine               - scaledHeightProp$fxgl: DoubleProperty [bound, value: 720.0]
15:17:00.781 [FXGL Background Thread 3 ] DEBUG Engine               - scaledWidthProp$fxgl: DoubleProperty [bound, value: 1280.0]
15:17:00.781 [FXGL Background Thread 3 ] DEBUG Engine               - sceneFactory: BomberMan.gameMain$1@6b5dba6d
15:17:00.781 [FXGL Background Thread 3 ] DEBUG Engine               - secondsIn24h: 60
15:17:00.781 [FXGL Background Thread 3 ] DEBUG Engine               - soundMenuBack: menu/back.wav
15:17:00.781 [FXGL Background Thread 3 ] DEBUG Engine               - soundMenuPress: menu/press.wav
15:17:00.781 [FXGL Background Thread 3 ] DEBUG Engine               - soundMenuSelect: menu/select.wav
15:17:00.781 [FXGL Background Thread 3 ] DEBUG Engine               - soundNotification: core/notification.wav
15:17:00.781 [FXGL Background Thread 3 ] DEBUG Engine               - stageStyle: DECORATED
15:17:00.781 [FXGL Background Thread 3 ] DEBUG Engine               - supportedLanguages: [ENGLISH, FRENCH, GERMAN, HUNGARIAN, RUSSIAN]
15:17:00.781 [FXGL Background Thread 3 ] DEBUG Engine               - ticksPerSecond: -1
15:17:00.781 [FXGL Background Thread 3 ] DEBUG Engine               - title: Bomber Man
15:17:00.781 [FXGL Background Thread 3 ] DEBUG Engine               - urlGithub: https://github.com/AlmasB/FXGL
15:17:00.781 [FXGL Background Thread 3 ] DEBUG Engine               - urlLeaderboard: http://fxgl-top.herokuapp.com/
15:17:00.781 [FXGL Background Thread 3 ] DEBUG Engine               - urlPOM: https://raw.githubusercontent.com/AlmasB/FXGL/release/README.md
15:17:00.781 [FXGL Background Thread 3 ] DEBUG Engine               - userAppClass: class BomberMan.gameMain
15:17:00.781 [FXGL Background Thread 3 ] DEBUG Engine               - version: 0.1
15:17:00.781 [FXGL Background Thread 3 ] DEBUG Engine               - versionCheckDays: 7
15:17:00.781 [FXGL Background Thread 3 ] DEBUG Engine               - width: 1280
15:17:00.781 [FXGL Background Thread 3 ] DEBUG Engine               - Logging services
15:17:00.781 [FXGL Background Thread 3 ] DEBUG Engine               - class com.almasb.fxgl.app.services.FXGLAssetLoaderService
15:17:00.781 [FXGL Background Thread 3 ] DEBUG Engine               - class com.almasb.fxgl.app.FXGLApplication$GameApplicationService
15:17:00.781 [FXGL Background Thread 3 ] DEBUG Engine               - class com.almasb.fxgl.app.services.FXGLDialogService
15:17:00.781 [FXGL Background Thread 3 ] DEBUG Engine               - class com.almasb.fxgl.app.services.IOTaskExecutorService
15:17:00.781 [FXGL Background Thread 3 ] DEBUG Engine               - class com.almasb.fxgl.io.FileSystemService
15:17:00.781 [FXGL Background Thread 3 ] DEBUG Engine               - class com.almasb.fxgl.localization.LocalizationService
15:17:00.781 [FXGL Background Thread 3 ] DEBUG Engine               - class com.almasb.fxgl.app.services.SystemBundleService
15:17:00.781 [FXGL Background Thread 3 ] DEBUG Engine               - class com.almasb.fxgl.profile.SaveLoadService
15:17:00.781 [FXGL Background Thread 3 ] DEBUG Engine               - class com.almasb.fxgl.ui.FXGLUIFactoryServiceProvider
15:17:00.781 [FXGL Background Thread 3 ] DEBUG Engine               - class com.almasb.fxgl.ui.FXGLDialogFactoryServiceProvider
15:17:00.782 [FXGL Background Thread 3 ] DEBUG Engine               - class com.almasb.fxgl.audio.AudioPlayer
15:17:00.782 [FXGL Background Thread 3 ] DEBUG Engine               - class com.almasb.fxgl.notification.impl.NotificationServiceProvider
15:17:00.782 [FXGL Background Thread 3 ] DEBUG Engine               - class com.almasb.fxgl.achievement.AchievementService
15:17:00.782 [FXGL Background Thread 3 ] DEBUG Engine               - class com.almasb.fxgl.cutscene.CutsceneService
15:17:00.782 [FXGL Background Thread 3 ] DEBUG Engine               - class com.almasb.fxgl.minigames.MiniGameService
15:17:00.782 [FXGL Background Thread 3 ] DEBUG Engine               - class com.almasb.fxgl.net.NetService
15:17:00.782 [FXGL Background Thread 3 ] DEBUG Engine               - class com.almasb.fxgl.app.services.UpdaterService
15:17:00.782 [FXGL Background Thread 3 ] DEBUG Engine               - class com.almasb.fxgl.dev.DevService
15:17:01.823 [JavaFX Application Thread] DEBUG PrimaryStageWindow   - Pop state: gameMenu
15:17:01.823 [JavaFX Application Thread] DEBUG Input                - Clearing active input actions
15:17:01.823 [JavaFX Application Thread] DEBUG GameApplicationServi - Removing overlay from gameMenu and adding to GameScene
15:17:01.823 [JavaFX Application Thread] DEBUG PrimaryStageWindow   - GameScene <- gameMenu
15:17:02.153 [JavaFX Application Thread] DEBUG PrimaryStageWindow   - Push state: gameMenu
15:17:02.153 [JavaFX Application Thread] DEBUG Input                - Clearing active input actions
15:17:02.153 [JavaFX Application Thread] DEBUG GameApplicationServi - Removing overlay from GameScene and adding to gameMenu
15:17:02.153 [JavaFX Application Thread] DEBUG PrimaryStageWindow   - GameScene -> gameMenu
15:17:02.389 [JavaFX Application Thread] DEBUG PrimaryStageWindow   - Pop state: gameMenu
15:17:02.390 [JavaFX Application Thread] DEBUG Input                - Clearing active input actions
15:17:02.390 [JavaFX Application Thread] DEBUG GameApplicationServi - Removing overlay from gameMenu and adding to GameScene
15:17:02.390 [JavaFX Application Thread] DEBUG PrimaryStageWindow   - GameScene <- gameMenu
15:17:02.638 [JavaFX Application Thread] DEBUG PrimaryStageWindow   - Push state: gameMenu
15:17:02.639 [JavaFX Application Thread] DEBUG Input                - Clearing active input actions
15:17:02.639 [JavaFX Application Thread] DEBUG GameApplicationServi - Removing overlay from GameScene and adding to gameMenu
15:17:02.639 [JavaFX Application Thread] DEBUG PrimaryStageWindow   - GameScene -> gameMenu
15:17:02.898 [JavaFX Application Thread] DEBUG PrimaryStageWindow   - Pop state: gameMenu
15:17:02.898 [JavaFX Application Thread] DEBUG Input                - Clearing active input actions
15:17:02.898 [JavaFX Application Thread] DEBUG GameApplicationServi - Removing overlay from gameMenu and adding to GameScene
15:17:02.898 [JavaFX Application Thread] DEBUG PrimaryStageWindow   - GameScene <- gameMenu
15:17:03.187 [JavaFX Application Thread] DEBUG PrimaryStageWindow   - Push state: gameMenu
15:17:03.187 [JavaFX Application Thread] DEBUG Input                - Clearing active input actions
15:17:03.188 [JavaFX Application Thread] DEBUG GameApplicationServi - Removing overlay from GameScene and adding to gameMenu
15:17:03.188 [JavaFX Application Thread] DEBUG PrimaryStageWindow   - GameScene -> gameMenu
15:17:03.518 [JavaFX Application Thread] DEBUG PrimaryStageWindow   - Pop state: gameMenu
15:17:03.518 [JavaFX Application Thread] DEBUG Input                - Clearing active input actions
15:17:03.518 [JavaFX Application Thread] DEBUG GameApplicationServi - Removing overlay from gameMenu and adding to GameScene
15:17:03.518 [JavaFX Application Thread] DEBUG PrimaryStageWindow   - GameScene <- gameMenu
15:17:03.922 [JavaFX Application Thread] DEBUG PrimaryStageWindow   - Push state: gameMenu
15:17:03.922 [JavaFX Application Thread] DEBUG Input                - Clearing active input actions
15:17:03.922 [JavaFX Application Thread] DEBUG GameApplicationServi - Removing overlay from GameScene and adding to gameMenu
15:17:03.922 [JavaFX Application Thread] DEBUG PrimaryStageWindow   - GameScene -> gameMenu
15:17:04.466 [JavaFX Application Thread] DEBUG PrimaryStageWindow   - Pop state: gameMenu
15:17:04.466 [JavaFX Application Thread] DEBUG Input                - Clearing active input actions
15:17:04.466 [JavaFX Application Thread] DEBUG GameApplicationServi - Removing overlay from gameMenu and adding to GameScene
15:17:04.466 [JavaFX Application Thread] DEBUG PrimaryStageWindow   - GameScene <- gameMenu
15:17:04.713 [JavaFX Application Thread] DEBUG PrimaryStageWindow   - Push state: gameMenu
15:17:04.713 [JavaFX Application Thread] DEBUG Input                - Clearing active input actions
15:17:04.713 [JavaFX Application Thread] DEBUG GameApplicationServi - Removing overlay from GameScene and adding to gameMenu
15:17:04.713 [JavaFX Application Thread] DEBUG PrimaryStageWindow   - GameScene -> gameMenu
15:17:04.921 [JavaFX Application Thread] DEBUG PrimaryStageWindow   - Pop state: gameMenu
15:17:04.921 [JavaFX Application Thread] DEBUG Input                - Clearing active input actions
15:17:04.921 [JavaFX Application Thread] DEBUG GameApplicationServi - Removing overlay from gameMenu and adding to GameScene
15:17:04.921 [JavaFX Application Thread] DEBUG PrimaryStageWindow   - GameScene <- gameMenu
15:17:05.115 [JavaFX Application Thread] DEBUG PrimaryStageWindow   - Push state: gameMenu
15:17:05.115 [JavaFX Application Thread] DEBUG Input                - Clearing active input actions
15:17:05.115 [JavaFX Application Thread] DEBUG GameApplicationServi - Removing overlay from GameScene and adding to gameMenu
15:17:05.115 [JavaFX Application Thread] DEBUG PrimaryStageWindow   - GameScene -> gameMenu
15:17:05.308 [JavaFX Application Thread] DEBUG PrimaryStageWindow   - Pop state: gameMenu
15:17:05.308 [JavaFX Application Thread] DEBUG Input                - Clearing active input actions
15:17:05.308 [JavaFX Application Thread] DEBUG GameApplicationServi - Removing overlay from gameMenu and adding to GameScene
15:17:05.308 [JavaFX Application Thread] DEBUG PrimaryStageWindow   - GameScene <- gameMenu
15:17:05.465 [JavaFX Application Thread] DEBUG PrimaryStageWindow   - Push state: gameMenu
15:17:05.465 [JavaFX Application Thread] DEBUG Input                - Clearing active input actions
15:17:05.466 [JavaFX Application Thread] DEBUG GameApplicationServi - Removing overlay from GameScene and adding to gameMenu
15:17:05.466 [JavaFX Application Thread] DEBUG PrimaryStageWindow   - GameScene -> gameMenu
15:17:05.627 [JavaFX Application Thread] DEBUG PrimaryStageWindow   - Pop state: gameMenu
15:17:05.627 [JavaFX Application Thread] DEBUG Input                - Clearing active input actions
15:17:05.627 [JavaFX Application Thread] DEBUG GameApplicationServi - Removing overlay from gameMenu and adding to GameScene
15:17:05.627 [JavaFX Application Thread] DEBUG PrimaryStageWindow   - GameScene <- gameMenu
15:17:05.768 [JavaFX Application Thread] DEBUG PrimaryStageWindow   - Push state: gameMenu
15:17:05.768 [JavaFX Application Thread] DEBUG Input                - Clearing active input actions
15:17:05.768 [JavaFX Application Thread] DEBUG GameApplicationServi - Removing overlay from GameScene and adding to gameMenu
15:17:05.768 [JavaFX Application Thread] DEBUG PrimaryStageWindow   - GameScene -> gameMenu
15:17:05.924 [JavaFX Application Thread] DEBUG PrimaryStageWindow   - Pop state: gameMenu
15:17:05.924 [JavaFX Application Thread] DEBUG Input                - Clearing active input actions
15:17:05.924 [JavaFX Application Thread] DEBUG GameApplicationServi - Removing overlay from gameMenu and adding to GameScene
15:17:05.924 [JavaFX Application Thread] DEBUG PrimaryStageWindow   - GameScene <- gameMenu
15:17:06.087 [JavaFX Application Thread] DEBUG PrimaryStageWindow   - Push state: gameMenu
15:17:06.087 [JavaFX Application Thread] DEBUG Input                - Clearing active input actions
15:17:06.087 [JavaFX Application Thread] DEBUG GameApplicationServi - Removing overlay from GameScene and adding to gameMenu
15:17:06.087 [JavaFX Application Thread] DEBUG PrimaryStageWindow   - GameScene -> gameMenu
15:17:06.246 [JavaFX Application Thread] DEBUG PrimaryStageWindow   - Pop state: gameMenu
15:17:06.247 [JavaFX Application Thread] DEBUG Input                - Clearing active input actions
15:17:06.247 [JavaFX Application Thread] DEBUG GameApplicationServi - Removing overlay from gameMenu and adding to GameScene
15:17:06.247 [JavaFX Application Thread] DEBUG PrimaryStageWindow   - GameScene <- gameMenu
15:17:06.448 [JavaFX Application Thread] DEBUG PrimaryStageWindow   - Push state: gameMenu
15:17:06.448 [JavaFX Application Thread] DEBUG Input                - Clearing active input actions
15:17:06.448 [JavaFX Application Thread] DEBUG GameApplicationServi - Removing overlay from GameScene and adding to gameMenu
15:17:06.448 [JavaFX Application Thread] DEBUG PrimaryStageWindow   - GameScene -> gameMenu
15:17:06.673 [JavaFX Application Thread] DEBUG PrimaryStageWindow   - Pop state: gameMenu
15:17:06.673 [JavaFX Application Thread] DEBUG Input                - Clearing active input actions
15:17:06.673 [JavaFX Application Thread] DEBUG GameApplicationServi - Removing overlay from gameMenu and adding to GameScene
15:17:06.673 [JavaFX Application Thread] DEBUG PrimaryStageWindow   - GameScene <- gameMenu
15:17:06.923 [JavaFX Application Thread] DEBUG PrimaryStageWindow   - Push state: gameMenu
15:17:06.923 [JavaFX Application Thread] DEBUG Input                - Clearing active input actions
15:17:06.923 [JavaFX Application Thread] DEBUG GameApplicationServi - Removing overlay from GameScene and adding to gameMenu
15:17:06.923 [JavaFX Application Thread] DEBUG PrimaryStageWindow   - GameScene -> gameMenu
15:17:07.155 [JavaFX Application Thread] DEBUG PrimaryStageWindow   - Pop state: gameMenu
15:17:07.155 [JavaFX Application Thread] DEBUG Input                - Clearing active input actions
15:17:07.155 [JavaFX Application Thread] DEBUG GameApplicationServi - Removing overlay from gameMenu and adding to GameScene
15:17:07.156 [JavaFX Application Thread] DEBUG PrimaryStageWindow   - GameScene <- gameMenu
15:17:07.362 [JavaFX Application Thread] DEBUG PrimaryStageWindow   - Push state: gameMenu
15:17:07.362 [JavaFX Application Thread] DEBUG Input                - Clearing active input actions
15:17:07.362 [JavaFX Application Thread] DEBUG GameApplicationServi - Removing overlay from GameScene and adding to gameMenu
15:17:07.362 [JavaFX Application Thread] DEBUG PrimaryStageWindow   - GameScene -> gameMenu
15:17:07.584 [JavaFX Application Thread] DEBUG PrimaryStageWindow   - Pop state: gameMenu
15:17:07.584 [JavaFX Application Thread] DEBUG Input                - Clearing active input actions
15:17:07.584 [JavaFX Application Thread] DEBUG GameApplicationServi - Removing overlay from gameMenu and adding to GameScene
15:17:07.584 [JavaFX Application Thread] DEBUG PrimaryStageWindow   - GameScene <- gameMenu
15:17:07.799 [JavaFX Application Thread] DEBUG PrimaryStageWindow   - Push state: gameMenu
15:17:07.799 [JavaFX Application Thread] DEBUG Input                - Clearing active input actions
15:17:07.799 [JavaFX Application Thread] DEBUG GameApplicationServi - Removing overlay from GameScene and adding to gameMenu
15:17:07.799 [JavaFX Application Thread] DEBUG PrimaryStageWindow   - GameScene -> gameMenu
15:17:07.992 [JavaFX Application Thread] DEBUG PrimaryStageWindow   - Pop state: gameMenu
15:17:07.992 [JavaFX Application Thread] DEBUG Input                - Clearing active input actions
15:17:07.992 [JavaFX Application Thread] DEBUG GameApplicationServi - Removing overlay from gameMenu and adding to GameScene
15:17:07.992 [JavaFX Application Thread] DEBUG PrimaryStageWindow   - GameScene <- gameMenu
15:17:08.210 [JavaFX Application Thread] DEBUG PrimaryStageWindow   - Push state: gameMenu
15:17:08.210 [JavaFX Application Thread] DEBUG Input                - Clearing active input actions
15:17:08.210 [JavaFX Application Thread] DEBUG GameApplicationServi - Removing overlay from GameScene and adding to gameMenu
15:17:08.210 [JavaFX Application Thread] DEBUG PrimaryStageWindow   - GameScene -> gameMenu
15:17:08.434 [JavaFX Application Thread] DEBUG PrimaryStageWindow   - Pop state: gameMenu
15:17:08.434 [JavaFX Application Thread] DEBUG Input                - Clearing active input actions
15:17:08.434 [JavaFX Application Thread] DEBUG GameApplicationServi - Removing overlay from gameMenu and adding to GameScene
15:17:08.434 [JavaFX Application Thread] DEBUG PrimaryStageWindow   - GameScene <- gameMenu
15:17:08.675 [JavaFX Application Thread] DEBUG PrimaryStageWindow   - Push state: gameMenu
15:17:08.675 [JavaFX Application Thread] DEBUG Input                - Clearing active input actions
15:17:08.675 [JavaFX Application Thread] DEBUG GameApplicationServi - Removing overlay from GameScene and adding to gameMenu
15:17:08.675 [JavaFX Application Thread] DEBUG PrimaryStageWindow   - GameScene -> gameMenu
15:17:08.930 [JavaFX Application Thread] DEBUG PrimaryStageWindow   - Pop state: gameMenu
15:17:08.930 [JavaFX Application Thread] DEBUG Input                - Clearing active input actions
15:17:08.930 [JavaFX Application Thread] DEBUG GameApplicationServi - Removing overlay from gameMenu and adding to GameScene
15:17:08.930 [JavaFX Application Thread] DEBUG PrimaryStageWindow   - GameScene <- gameMenu
15:17:09.234 [JavaFX Application Thread] DEBUG PrimaryStageWindow   - Push state: gameMenu
15:17:09.234 [JavaFX Application Thread] DEBUG Input                - Clearing active input actions
15:17:09.234 [JavaFX Application Thread] DEBUG GameApplicationServi - Removing overlay from GameScene and adding to gameMenu
15:17:09.234 [JavaFX Application Thread] DEBUG PrimaryStageWindow   - GameScene -> gameMenu
15:17:09.475 [JavaFX Application Thread] DEBUG PrimaryStageWindow   - Pop state: gameMenu
15:17:09.475 [JavaFX Application Thread] DEBUG Input                - Clearing active input actions
15:17:09.475 [JavaFX Application Thread] DEBUG GameApplicationServi - Removing overlay from gameMenu and adding to GameScene
15:17:09.475 [JavaFX Application Thread] DEBUG PrimaryStageWindow   - GameScene <- gameMenu
15:17:09.831 [JavaFX Application Thread] DEBUG PrimaryStageWindow   - Push state: gameMenu
15:17:09.831 [JavaFX Application Thread] DEBUG Input                - Clearing active input actions
15:17:09.831 [JavaFX Application Thread] DEBUG GameApplicationServi - Removing overlay from GameScene and adding to gameMenu
15:17:09.831 [JavaFX Application Thread] DEBUG PrimaryStageWindow   - GameScene -> gameMenu
15:17:10.300 [JavaFX Application Thread] DEBUG PrimaryStageWindow   - Pop state: gameMenu
15:17:10.300 [JavaFX Application Thread] DEBUG Input                - Clearing active input actions
15:17:10.300 [JavaFX Application Thread] DEBUG GameApplicationServi - Removing overlay from gameMenu and adding to GameScene
15:17:10.300 [JavaFX Application Thread] DEBUG PrimaryStageWindow   - GameScene <- gameMenu
15:17:10.812 [JavaFX Application Thread] DEBUG PrimaryStageWindow   - Push state: gameMenu
15:17:10.812 [JavaFX Application Thread] DEBUG Input                - Clearing active input actions
15:17:10.812 [JavaFX Application Thread] DEBUG GameApplicationServi - Removing overlay from GameScene and adding to gameMenu
15:17:10.812 [JavaFX Application Thread] DEBUG PrimaryStageWindow   - GameScene -> gameMenu
15:17:11.478 [JavaFX Application Thread] DEBUG PrimaryStageWindow   - Pop state: gameMenu
15:17:11.478 [JavaFX Application Thread] DEBUG Input                - Clearing active input actions
15:17:11.478 [JavaFX Application Thread] DEBUG GameApplicationServi - Removing overlay from gameMenu and adding to GameScene
15:17:11.478 [JavaFX Application Thread] DEBUG PrimaryStageWindow   - GameScene <- gameMenu
15:17:26.448 [JavaFX Application Thread] DEBUG PrimaryStageWindow   - Push state: gameMenu
15:17:26.448 [JavaFX Application Thread] DEBUG Input                - Clearing active input actions
15:17:26.448 [JavaFX Application Thread] DEBUG GameApplicationServi - Removing overlay from GameScene and adding to gameMenu
15:17:26.448 [JavaFX Application Thread] DEBUG PrimaryStageWindow   - GameScene -> gameMenu
15:17:27.191 [JavaFX Application Thread] DEBUG PrimaryStageWindow   - Pop state: gameMenu
15:17:27.192 [JavaFX Application Thread] DEBUG Input                - Clearing active input actions
15:17:27.192 [JavaFX Application Thread] DEBUG GameApplicationServi - Removing overlay from gameMenu and adding to GameScene
15:17:27.192 [JavaFX Application Thread] DEBUG PrimaryStageWindow   - GameScene <- gameMenu
15:17:29.323 [JavaFX Application Thread] DEBUG FXGLApplication      - Exiting FXGL
15:17:29.323 [JavaFX Application Thread] DEBUG LoopRunner           - Stopping loop
15:17:29.323 [JavaFX Application Thread] DEBUG SystemBundleService  - Saving FXGL system data
15:17:29.326 [JavaFX Application Thread] DEBUG FileSystemAccess     - Writing to: D:\BomberMan_team7\system\fxgl.bundle
15:17:29.328 [JavaFX Application Thread] DEBUG Async                - Shutting down background threads
15:17:29.328 [JavaFX Application Thread] DEBUG PrimaryStageWindow   - Closing main window
15:17:29.344 [JavaFX Application Thread] DEBUG Logger               - Closing Logger
