00:21:10.793 [main                     ] DEBUG Logger               - Configured Logger
00:21:10.820 [main                     ] DEBUG GameApplication      - Logging settings
Title: Bomber Man
Version: 0.1
Width: 1280
Height: 720
Fullscreen: false
Intro: false
Profiling: false
Single step:false
App Mode: DEVELOPER
Menu Key: ESCAPE
Stage Style: DECORATED
Scene Factory: class com.almasb.fxgl.app.scene.SceneFactory

00:21:11.696 [JavaFX Application Thread] DEBUG FXGLApplication      - Initializing FXGL
00:21:11.700 [JavaFX Application Thread] INFO  Engine               - FXGL-17.1 (24.03.2022 17.34) on WINDOWS (J:18.0.2.1 FX:18.0.1)
00:21:11.700 [JavaFX Application Thread] DEBUG Engine               - JRE Vendor Name: Oracle Corporation
00:21:11.701 [JavaFX Application Thread] DEBUG Engine               - Running on OS: Windows 11 version 10.0
00:21:11.701 [JavaFX Application Thread] DEBUG Engine               - Architecture: amd64
00:21:11.701 [JavaFX Application Thread] INFO  Engine               - Source code and latest versions at: https://github.com/AlmasB/FXGL
00:21:11.701 [JavaFX Application Thread] INFO  Engine               -       Ask questions and discuss at: https://github.com/AlmasB/FXGL/discussions
00:21:11.701 [JavaFX Application Thread] INFO  Engine               -              Join the FXGL chat at: https://gitter.im/AlmasB/FXGL
00:21:11.798 [JavaFX Application Thread] DEBUG PrimaryStageWindow   - Creating a JavaFX scene
00:21:11.856 [JavaFX Application Thread] DEBUG PrimaryStageWindow   - Target settings size: 1280.0 x 720.0
00:21:11.856 [JavaFX Application Thread] DEBUG PrimaryStageWindow   - Scaled scene size:    1280.0 x 720.0
00:21:11.856 [JavaFX Application Thread] DEBUG PrimaryStageWindow   - Scaled ratio: (1.0, 1.0)
00:21:11.857 [JavaFX Application Thread] DEBUG PrimaryStageWindow   - Set initial scene to FXGLStartupScene
00:21:11.863 [JavaFX Application Thread] DEBUG PrimaryStageWindow   - Opening main window
00:21:11.938 [JavaFX Application Thread] DEBUG PrimaryStageWindow   - Window border size: (14.4000244140625, 37.5999755859375)
00:21:11.939 [JavaFX Application Thread] DEBUG PrimaryStageWindow   - Scaled size: 1280.0 x 720.0
00:21:11.939 [JavaFX Application Thread] DEBUG PrimaryStageWindow   - Scaled ratio: (1.0, 1.0)
00:21:11.940 [JavaFX Application Thread] DEBUG PrimaryStageWindow   - Scene size: 1280.0 x 720.0
00:21:11.940 [JavaFX Application Thread] DEBUG PrimaryStageWindow   - Stage size: 1294.4000244140625 x 757.5999755859375
00:21:11.950 [FXGL Background Thread 1 ] DEBUG Engine               - Initializing environment variables
00:21:11.995 [FXGL Background Thread 1 ] DEBUG FXGLAssetLoaderServi - User app class for loading assets: class BomberMan.gameMain
00:21:11.995 [FXGL Background Thread 1 ] DEBUG GameApplicationServi - Applying CSS: fxgl_dark.css
00:21:11.996 [FXGL Background Thread 1 ] DEBUG FXGLAssetLoaderServi - Loading from file system: jar:file:/C:/Users/admin/.m2/repository/com/github/almasb/fxgl/17.1/fxgl-17.1.jar!/fxglassets/ui/css/fxgl_dark.css
00:21:12.028 [FXGL Background Thread 1 ] DEBUG GameApplicationServi - Initializing application scenes
00:21:12.058 [FXGL Background Thread 1 ] DEBUG GameWorld            - Game world initialized
00:21:12.097 [FXGL Background Thread 1 ] DEBUG PhysicsWorld         - Physics world initialized: appHeight=720, physics.ppm=50.0
00:21:12.097 [FXGL Background Thread 1 ] DEBUG PhysicsWorld         - Using strategy: BRUTE_FORCE
00:21:12.100 [FXGL Background Thread 1 ] DEBUG GameScene            - Game scene initialized: 1280x720
00:21:12.110 [FXGL Background Thread 1 ] DEBUG FXGL.DefaultMenu     - createMenuBodyGameMenu()
00:21:12.123 [FXGL Background Thread 1 ] DEBUG FXGL.DefaultMenu     - createOptionsMenu()
00:21:12.130 [FXGL Background Thread 1 ] DEBUG FXGLAssetLoaderServi - Loading from file system: jar:file:/C:/Users/admin/.m2/repository/com/github/almasb/fxgl/17.1/fxgl-17.1.jar!/fxglassets/textures/particles/smoke.png
00:21:12.217 [FXGL Background Thread 1 ] DEBUG FXGLAssetLoaderServi - Loading from file system: jar:file:/C:/Users/admin/.m2/repository/com/github/almasb/fxgl/17.1/fxgl-17.1.jar!/fxglassets/textures/particles/trace_horizontal.png
00:21:12.244 [FXGL Background Thread 1 ] DEBUG GameApplicationServi - Application scenes initialized
00:21:12.255 [FXGL Background Thread 1 ] DEBUG SystemBundleService  - Loading FXGL system data
00:21:12.259 [FXGL Background Thread 1 ] DEBUG FileSystemAccess     - Reading from: D:\BomberMan_team7\system\fxgl.bundle
00:21:12.269 [FXGL Background Thread 1 ] DEBUG SystemBundleService  - Bundle FXGL: {}
00:21:12.270 [FXGL Background Thread 1 ] DEBUG UpdaterService       - Checking for updates
00:21:12.272 [FXGL Background Thread 4 ] DEBUG FXGLApplication      - Loading fonts
00:21:12.273 [FXGL Background Thread 1 ] DEBUG FXGLApplication      - Loading default localization
00:21:12.273 [FXGL Background Thread 4 ] DEBUG FXGLAssetLoaderServi - Loading from file system: jar:file:/C:/Users/admin/.m2/repository/com/github/almasb/fxgl/17.1/fxgl-17.1.jar!/fxglassets/ui/fonts/VarelaRound-Regular.ttf
00:21:12.273 [FXGL Background Thread 1 ] DEBUG FXGLAssetLoaderServi - Loading from file system: jar:file:/C:/Users/admin/.m2/repository/com/github/almasb/fxgl/17.1/fxgl-17.1.jar!/fxglassets/languages/english.lang
00:21:12.290 [FXGL Background Thread 1 ] INFO  FXGLApplication      - FXGL initialization took: 0.340 sec
00:21:12.291 [JavaFX Application Thread] DEBUG FXGLAssetLoaderServi - Loading from file system: jar:file:/C:/Users/admin/.m2/repository/com/github/almasb/fxgl/17.1/fxgl-17.1.jar!/fxglassets/textures/fxgl_icon.png
00:21:12.308 [JavaFX Application Thread] DEBUG FXGLAssetLoaderServi - Loading from file system: jar:file:/C:/Users/admin/.m2/repository/com/github/almasb/fxgl/17.1/fxgl-17.1.jar!/fxglassets/textures/fxgl_default_cursor.png
00:21:12.321 [JavaFX Application Thread] DEBUG Input                - Registered new binding: Screenshot - CTRL+8
00:21:12.322 [JavaFX Application Thread] DEBUG Input                - Registered new binding: System info dump - CTRL+9
00:21:12.323 [JavaFX Application Thread] DEBUG Input                - Registered new binding: Restart - CTRL+R
00:21:12.323 [JavaFX Application Thread] DEBUG Input                - Registered new binding: Toggle Debug Camera - CTRL+7
00:21:12.327 [JavaFX Application Thread] DEBUG LoopRunner           - Starting loop
00:21:12.327 [JavaFX Application Thread] DEBUG LoopRunner           - Initializing JavaFX AnimationTimerLoop
00:21:12.329 [JavaFX Application Thread] DEBUG GameApplicationServi - Starting new game
00:21:12.330 [JavaFX Application Thread] DEBUG Input                - Clearing active input actions
00:21:12.336 [FXGL Background Thread 4 ] DEBUG FXGLAssetLoaderServi - Loading from file system: jar:file:/C:/Users/admin/.m2/repository/com/github/almasb/fxgl/17.1/fxgl-17.1.jar!/fxglassets/ui/fonts/Abel-Regular.ttf
00:21:12.338 [JavaFX Application Thread] DEBUG GameApplicationServi - Removing overlay from FXGLStartupScene and adding to FXGLLoadingScene
00:21:12.339 [JavaFX Application Thread] DEBUG PrimaryStageWindow   - FXGLStartupScene -> FXGLLoadingScene
00:21:12.339 [JavaFX Application Thread] DEBUG GameApplicationServi - Clearing previous game
00:21:12.339 [JavaFX Application Thread] DEBUG GameScene            - Clearing game scene
00:21:12.339 [JavaFX Application Thread] DEBUG GameWorld            - Clearing game world
00:21:12.339 [JavaFX Application Thread] DEBUG PhysicsWorld         - Clearing physics world
00:21:12.341 [FXGL Background Thread 1 ] DEBUG FXGLApplication      - Initializing game
00:21:12.343 [FXGL Background Thread 1 ] INFO  FXGLApplication      - Game initialization took: 0.001 sec
00:21:12.345 [FXGL Background Thread 4 ] DEBUG FXGLAssetLoaderServi - Loading from file system: jar:file:/C:/Users/admin/.m2/repository/com/github/almasb/fxgl/17.1/fxgl-17.1.jar!/fxglassets/ui/fonts/TerminalLandMono-Regular.otf
00:21:12.356 [FXGL Background Thread 4 ] DEBUG FXGLAssetLoaderServi - Loading from file system: jar:file:/C:/Users/admin/.m2/repository/com/github/almasb/fxgl/17.1/fxgl-17.1.jar!/fxglassets/ui/fonts/Courier-Prime.ttf
00:21:12.380 [JavaFX Application Thread] DEBUG Input                - Clearing active input actions
00:21:12.386 [JavaFX Application Thread] DEBUG GameApplicationServi - Removing overlay from FXGLLoadingScene and adding to GameScene
00:21:12.386 [JavaFX Application Thread] DEBUG PrimaryStageWindow   - FXGLLoadingScene -> GameScene
00:21:12.386 [JavaFX Application Thread] DEBUG FXGLApplication      - Registering font factories with UI factory
00:21:12.505 [FXGL Background Thread 2 ] WARN  UpdaterService       - Failed to find updates: java.net.UnknownHostException: raw.githubusercontent.com
00:21:15.109 [JavaFX Application Thread] DEBUG PrimaryStageWindow   - Push state: FXGLDefaultMenu
00:21:15.112 [JavaFX Application Thread] DEBUG Input                - Clearing active input actions
00:21:15.115 [JavaFX Application Thread] DEBUG GameApplicationServi - Removing overlay from GameScene and adding to FXGLDefaultMenu
00:21:15.115 [JavaFX Application Thread] DEBUG PrimaryStageWindow   - GameScene -> FXGLDefaultMenu
00:21:15.273 [FXGL Background Thread 3 ] DEBUG Engine               - Logging environment variables
00:21:15.274 [FXGL Background Thread 3 ] DEBUG Engine               - achievements: []
00:21:15.274 [FXGL Background Thread 3 ] DEBUG Engine               - actualHeight: 720.0
00:21:15.274 [FXGL Background Thread 3 ] DEBUG Engine               - actualHeightProperty: ReadOnlyDoubleProperty [value: 720.0]
00:21:15.274 [FXGL Background Thread 3 ] DEBUG Engine               - actualWidth: 1280.0
00:21:15.274 [FXGL Background Thread 3 ] DEBUG Engine               - actualWidthProperty: ReadOnlyDoubleProperty [value: 1280.0]
00:21:15.274 [FXGL Background Thread 3 ] DEBUG Engine               - appIcon: fxgl_icon.png
00:21:15.274 [FXGL Background Thread 3 ] DEBUG Engine               - applicationMode: DEVELOPER
00:21:15.274 [FXGL Background Thread 3 ] DEBUG Engine               - cSSList: [fxgl_dark.css]
00:21:15.274 [FXGL Background Thread 3 ] DEBUG Engine               - collisionDetectionStrategy: BRUTE_FORCE
00:21:15.274 [FXGL Background Thread 3 ] DEBUG Engine               - configClass: Optional.empty
00:21:15.274 [FXGL Background Thread 3 ] DEBUG Engine               - credits: []
00:21:15.274 [FXGL Background Thread 3 ] DEBUG Engine               - defaultCursor: CursorInfo(imageName=fxgl_default_cursor.png, hotspotX=7.0, hotspotY=6.0)
00:21:15.275 [FXGL Background Thread 3 ] DEBUG Engine               - devBBoxColorProperty: ObjectProperty [value: 0xff0000ff]
00:21:15.275 [FXGL Background Thread 3 ] DEBUG Engine               - devEnableDebugCameraProperty: BooleanProperty [value: false]
00:21:15.275 [FXGL Background Thread 3 ] DEBUG Engine               - devSensorColorProperty: ObjectProperty [value: 0xffff00ff]
00:21:15.275 [FXGL Background Thread 3 ] DEBUG Engine               - devShowBBoxProperty: BooleanProperty [value: false]
00:21:15.275 [FXGL Background Thread 3 ] DEBUG Engine               - devShowPositionProperty: BooleanProperty [value: false]
00:21:15.276 [FXGL Background Thread 3 ] DEBUG Engine               - enabledMenuItems: []
00:21:15.276 [FXGL Background Thread 3 ] DEBUG Engine               - engineServices: [class com.almasb.fxgl.app.services.FXGLAssetLoaderService, class com.almasb.fxgl.app.FXGLApplication$GameApplicationService, class com.almasb.fxgl.app.services.FXGLDialogService, class com.almasb.fxgl.app.services.IOTaskExecutorService, class com.almasb.fxgl.io.FileSystemService, class com.almasb.fxgl.localization.LocalizationService, class com.almasb.fxgl.app.services.SystemBundleService, class com.almasb.fxgl.profile.SaveLoadService, class com.almasb.fxgl.ui.FXGLUIFactoryServiceProvider, class com.almasb.fxgl.ui.FXGLDialogFactoryServiceProvider, class com.almasb.fxgl.audio.AudioPlayer, class com.almasb.fxgl.notification.impl.NotificationServiceProvider, class com.almasb.fxgl.achievement.AchievementService, class com.almasb.fxgl.cutscene.CutsceneService, class com.almasb.fxgl.minigames.MiniGameService, class com.almasb.fxgl.net.NetService, class com.almasb.fxgl.app.services.UpdaterService, class com.almasb.fxgl.dev.DevService]
00:21:15.276 [FXGL Background Thread 3 ] DEBUG Engine               - fontGame: Abel-Regular.ttf
00:21:15.276 [FXGL Background Thread 3 ] DEBUG Engine               - fontMono: TerminalLandMono-Regular.otf
00:21:15.276 [FXGL Background Thread 3 ] DEBUG Engine               - fontText: Courier-Prime.ttf
00:21:15.276 [FXGL Background Thread 3 ] DEBUG Engine               - fontUI: VarelaRound-Regular.ttf
00:21:15.276 [FXGL Background Thread 3 ] DEBUG Engine               - fullScreen: BooleanProperty [value: true]
00:21:15.276 [FXGL Background Thread 3 ] DEBUG Engine               - gameDifficulty: MEDIUM
00:21:15.276 [FXGL Background Thread 3 ] DEBUG Engine               - gameDifficultyProperty: ObjectProperty [value: MEDIUM]
00:21:15.276 [FXGL Background Thread 3 ] DEBUG Engine               - globalMusicVolume: 0.5
00:21:15.276 [FXGL Background Thread 3 ] DEBUG Engine               - globalMusicVolumeProperty: DoubleProperty [value: 0.5]
00:21:15.276 [FXGL Background Thread 3 ] DEBUG Engine               - globalSoundVolume: 0.5
00:21:15.276 [FXGL Background Thread 3 ] DEBUG Engine               - globalSoundVolumeProperty: DoubleProperty [value: 0.5]
00:21:15.276 [FXGL Background Thread 3 ] DEBUG Engine               - height: 720
00:21:15.276 [FXGL Background Thread 3 ] DEBUG Engine               - is3D: false
00:21:15.276 [FXGL Background Thread 3 ] DEBUG Engine               - isAndroid: false
00:21:15.276 [FXGL Background Thread 3 ] DEBUG Engine               - isBrowser: false
00:21:15.276 [FXGL Background Thread 3 ] DEBUG Engine               - isClickFeedbackEnabled: false
00:21:15.276 [FXGL Background Thread 3 ] DEBUG Engine               - isCloseConfirmation: false
00:21:15.276 [FXGL Background Thread 3 ] DEBUG Engine               - isDesktop: true
00:21:15.277 [FXGL Background Thread 3 ] DEBUG Engine               - isDeveloperMenuEnabled: false
00:21:15.277 [FXGL Background Thread 3 ] DEBUG Engine               - isEmbedded: false
00:21:15.277 [FXGL Background Thread 3 ] DEBUG Engine               - isEntityPreloadEnabled: true
00:21:15.277 [FXGL Background Thread 3 ] DEBUG Engine               - isExperimentalTiledLargeMap: false
00:21:15.277 [FXGL Background Thread 3 ] DEBUG Engine               - isFileSystemWriteAllowed: true
00:21:15.277 [FXGL Background Thread 3 ] DEBUG Engine               - isFullScreenAllowed: false
00:21:15.277 [FXGL Background Thread 3 ] DEBUG Engine               - isFullScreenFromStart: true
00:21:15.277 [FXGL Background Thread 3 ] DEBUG Engine               - isGameMenuEnabled: true
00:21:15.277 [FXGL Background Thread 3 ] DEBUG Engine               - isIOS: false
00:21:15.277 [FXGL Background Thread 3 ] DEBUG Engine               - isIntroEnabled: false
00:21:15.277 [FXGL Background Thread 3 ] DEBUG Engine               - isLinux: false
00:21:15.277 [FXGL Background Thread 3 ] DEBUG Engine               - isMac: false
00:21:15.277 [FXGL Background Thread 3 ] DEBUG Engine               - isMainMenuEnabled: false
00:21:15.277 [FXGL Background Thread 3 ] DEBUG Engine               - isManualResizeEnabled: false
00:21:15.277 [FXGL Background Thread 3 ] DEBUG Engine               - isMobile: false
00:21:15.277 [FXGL Background Thread 3 ] DEBUG Engine               - isNative: false
00:21:15.277 [FXGL Background Thread 3 ] DEBUG Engine               - isPauseMusicWhenMinimized: true
00:21:15.277 [FXGL Background Thread 3 ] DEBUG Engine               - isPreserveResizeRatio: false
00:21:15.277 [FXGL Background Thread 3 ] DEBUG Engine               - isProfilingEnabled: false
00:21:15.277 [FXGL Background Thread 3 ] DEBUG Engine               - isScaleAffectedOnResize: true
00:21:15.277 [FXGL Background Thread 3 ] DEBUG Engine               - isSingleStep: false
00:21:15.277 [FXGL Background Thread 3 ] DEBUG Engine               - isUserProfileEnabled: false
00:21:15.277 [FXGL Background Thread 3 ] DEBUG Engine               - isWindows: true
00:21:15.277 [FXGL Background Thread 3 ] DEBUG Engine               - language: ObjectProperty [value: ENGLISH]
00:21:15.277 [FXGL Background Thread 3 ] DEBUG Engine               - menuKey: ESCAPE
00:21:15.278 [FXGL Background Thread 3 ] DEBUG Engine               - mouseSensitivity: 0.2
00:21:15.278 [FXGL Background Thread 3 ] DEBUG Engine               - notificationViewClass: class com.almasb.fxgl.notification.view.XboxNotificationView
00:21:15.278 [FXGL Background Thread 3 ] DEBUG Engine               - pixelsPerMeter: 50.0
00:21:15.278 [FXGL Background Thread 3 ] DEBUG Engine               - platform: WINDOWS
00:21:15.278 [FXGL Background Thread 3 ] DEBUG Engine               - prefHeightProperty: ReadOnlyDoubleProperty [value: 720.0]
00:21:15.278 [FXGL Background Thread 3 ] DEBUG Engine               - prefWidthProperty: ReadOnlyDoubleProperty [value: 1280.0]
00:21:15.278 [FXGL Background Thread 3 ] DEBUG Engine               - profileDir: profiles/
00:21:15.278 [FXGL Background Thread 3 ] DEBUG Engine               - profileName: StringProperty [value: DEFAULT]
00:21:15.278 [FXGL Background Thread 3 ] DEBUG Engine               - randomSeed: -1
00:21:15.278 [FXGL Background Thread 3 ] DEBUG Engine               - runtimeInfo: RuntimeInfo(platform=WINDOWS, version=17.1, build=24.03.2022 17.34)
00:21:15.278 [FXGL Background Thread 3 ] DEBUG Engine               - saveFileExt: sav
00:21:15.278 [FXGL Background Thread 3 ] DEBUG Engine               - scaledHeightProp$fxgl: DoubleProperty [bound, value: 720.0]
00:21:15.278 [FXGL Background Thread 3 ] DEBUG Engine               - scaledWidthProp$fxgl: DoubleProperty [bound, value: 1280.0]
00:21:15.278 [FXGL Background Thread 3 ] DEBUG Engine               - sceneFactory: com.almasb.fxgl.app.scene.SceneFactory@557007f
00:21:15.278 [FXGL Background Thread 3 ] DEBUG Engine               - secondsIn24h: 60
00:21:15.278 [FXGL Background Thread 3 ] DEBUG Engine               - soundMenuBack: menu/back.wav
00:21:15.278 [FXGL Background Thread 3 ] DEBUG Engine               - soundMenuPress: menu/press.wav
00:21:15.278 [FXGL Background Thread 3 ] DEBUG Engine               - soundMenuSelect: menu/select.wav
00:21:15.278 [FXGL Background Thread 3 ] DEBUG Engine               - soundNotification: core/notification.wav
00:21:15.279 [FXGL Background Thread 3 ] DEBUG Engine               - stageStyle: DECORATED
00:21:15.279 [FXGL Background Thread 3 ] DEBUG Engine               - supportedLanguages: [ENGLISH, FRENCH, GERMAN, HUNGARIAN, RUSSIAN]
00:21:15.279 [FXGL Background Thread 3 ] DEBUG Engine               - ticksPerSecond: -1
00:21:15.279 [FXGL Background Thread 3 ] DEBUG Engine               - title: Bomber Man
00:21:15.279 [FXGL Background Thread 3 ] DEBUG Engine               - urlGithub: https://github.com/AlmasB/FXGL
00:21:15.279 [FXGL Background Thread 3 ] DEBUG Engine               - urlLeaderboard: http://fxgl-top.herokuapp.com/
00:21:15.279 [FXGL Background Thread 3 ] DEBUG Engine               - urlPOM: https://raw.githubusercontent.com/AlmasB/FXGL/release/README.md
00:21:15.279 [FXGL Background Thread 3 ] DEBUG Engine               - userAppClass: class BomberMan.gameMain
00:21:15.279 [FXGL Background Thread 3 ] DEBUG Engine               - version: 0.1
00:21:15.279 [FXGL Background Thread 3 ] DEBUG Engine               - versionCheckDays: 7
00:21:15.279 [FXGL Background Thread 3 ] DEBUG Engine               - width: 1280
00:21:15.279 [FXGL Background Thread 3 ] DEBUG Engine               - Logging services
00:21:15.279 [FXGL Background Thread 3 ] DEBUG Engine               - class com.almasb.fxgl.app.services.FXGLAssetLoaderService
00:21:15.279 [FXGL Background Thread 3 ] DEBUG Engine               - class com.almasb.fxgl.app.FXGLApplication$GameApplicationService
00:21:15.279 [FXGL Background Thread 3 ] DEBUG Engine               - class com.almasb.fxgl.app.services.FXGLDialogService
00:21:15.279 [FXGL Background Thread 3 ] DEBUG Engine               - class com.almasb.fxgl.app.services.IOTaskExecutorService
00:21:15.279 [FXGL Background Thread 3 ] DEBUG Engine               - class com.almasb.fxgl.io.FileSystemService
00:21:15.279 [FXGL Background Thread 3 ] DEBUG Engine               - class com.almasb.fxgl.localization.LocalizationService
00:21:15.279 [FXGL Background Thread 3 ] DEBUG Engine               - class com.almasb.fxgl.app.services.SystemBundleService
00:21:15.279 [FXGL Background Thread 3 ] DEBUG Engine               - class com.almasb.fxgl.profile.SaveLoadService
00:21:15.279 [FXGL Background Thread 3 ] DEBUG Engine               - class com.almasb.fxgl.ui.FXGLUIFactoryServiceProvider
00:21:15.279 [FXGL Background Thread 3 ] DEBUG Engine               - class com.almasb.fxgl.ui.FXGLDialogFactoryServiceProvider
00:21:15.279 [FXGL Background Thread 3 ] DEBUG Engine               - class com.almasb.fxgl.audio.AudioPlayer
00:21:15.279 [FXGL Background Thread 3 ] DEBUG Engine               - class com.almasb.fxgl.notification.impl.NotificationServiceProvider
00:21:15.279 [FXGL Background Thread 3 ] DEBUG Engine               - class com.almasb.fxgl.achievement.AchievementService
00:21:15.279 [FXGL Background Thread 3 ] DEBUG Engine               - class com.almasb.fxgl.cutscene.CutsceneService
00:21:15.279 [FXGL Background Thread 3 ] DEBUG Engine               - class com.almasb.fxgl.minigames.MiniGameService
00:21:15.279 [FXGL Background Thread 3 ] DEBUG Engine               - class com.almasb.fxgl.net.NetService
00:21:15.280 [FXGL Background Thread 3 ] DEBUG Engine               - class com.almasb.fxgl.app.services.UpdaterService
00:21:15.280 [FXGL Background Thread 3 ] DEBUG Engine               - class com.almasb.fxgl.dev.DevService
00:21:16.688 [JavaFX Application Thread] DEBUG FXGLApplication      - Exiting FXGL
00:21:16.688 [JavaFX Application Thread] DEBUG LoopRunner           - Stopping loop
00:21:16.688 [JavaFX Application Thread] DEBUG SystemBundleService  - Saving FXGL system data
00:21:16.690 [JavaFX Application Thread] DEBUG FileSystemAccess     - Writing to: D:\BomberMan_team7\system\fxgl.bundle
00:21:16.691 [JavaFX Application Thread] DEBUG Async                - Shutting down background threads
00:21:16.692 [JavaFX Application Thread] DEBUG PrimaryStageWindow   - Closing main window
00:21:16.700 [JavaFX Application Thread] DEBUG Logger               - Closing Logger
